2026/05/08 09:27:04 [emerg] 8392#16264: CreateFile() "c:\Users\USER\Documents\project\web\exp\web_server\config\nginx.conf" failed (2: The system cannot find the file specified)
2026/05/08 09:27:48 [emerg] 10524#1772: CreateFile() "C:\Users\USER\Documents\project\web\exp\web_server\config\mime.types" failed (2: The system cannot find the file specified) in C:\Users\USER\Documents\project\web\exp\web_server\config\nginx.conf:12
2026/05/08 09:27:53 [emerg] 1496#12232: CreateFile() "C:\Users\USER\Documents\project\web\exp\web_server\config\mime.types" failed (2: The system cannot find the file specified) in C:\Users\USER\Documents\project\web\exp\web_server\config\nginx.conf:12
2026/05/08 09:27:58 [emerg] 3220#6636: CreateFile() "C:\Users\USER\Documents\project\web\exp\web_server\config\mime.types" failed (2: The system cannot find the file specified) in C:\Users\USER\Documents\project\web\exp\web_server\config\nginx.conf:12
2026/05/08 09:28:03 [emerg] 8676#15656: CreateFile() "C:\Users\USER\Documents\project\web\exp\web_server\config\mime.types" failed (2: The system cannot find the file specified) in C:\Users\USER\Documents\project\web\exp\web_server\config\nginx.conf:12
2026/05/08 09:28:08 [emerg] 12908#10916: CreateFile() "C:\Users\USER\Documents\project\web\exp\web_server\config\mime.types" failed (2: The system cannot find the file specified) in C:\Users\USER\Documents\project\web\exp\web_server\config\nginx.conf:12
2026/05/08 09:58:22 [notice] 12284#12532: signal process started
2026/05/08 10:24:02 [notice] 7560#16824: signal process started
2026/05/08 10:43:00 [notice] 2308#13432: signal process started
2026/05/08 10:51:43 [notice] 17144#10004: signal process started
2026/05/08 11:09:51 [notice] 18268#10036: signal process started
2026/05/08 11:09:59 [notice] 18092#7264: signal process started
2026/05/08 11:36:05 [notice] 11516#13564: signal process started
2026/05/08 11:36:40 [notice] 10756#5740: signal process started
2026/05/08 11:37:51 [notice] 14072#16856: signal process started
2026/05/08 11:43:58 [notice] 17588#2468: signal process started
2026/05/08 11:49:09 [notice] 9316#6556: signal process started
2026/05/08 11:52:50 [notice] 5620#6640: signal process started
2026/05/08 11:56:30 [notice] 17284#13200: signal process started
2026/05/08 11:56:42 [emerg] 15968#10672: no buffer is defined for access_log "C:/Users/USER/Documents/project/web/exp/web_server/logs/worker_stats.log" in C:\Users\USER\Documents\project\web\exp\web_server\config\nginx.conf:89
2026/05/08 11:56:47 [emerg] 9500#16536: no buffer is defined for access_log "C:/Users/USER/Documents/project/web/exp/web_server/logs/worker_stats.log" in C:\Users\USER\Documents\project\web\exp\web_server\config\nginx.conf:89
2026/05/08 11:56:52 [emerg] 16560#17844: no buffer is defined for access_log "C:/Users/USER/Documents/project/web/exp/web_server/logs/worker_stats.log" in C:\Users\USER\Documents\project\web\exp\web_server\config\nginx.conf:89
2026/05/08 11:56:57 [emerg] 9052#13084: no buffer is defined for access_log "C:/Users/USER/Documents/project/web/exp/web_server/logs/worker_stats.log" in C:\Users\USER\Documents\project\web\exp\web_server\config\nginx.conf:89
2026/05/08 11:57:02 [emerg] 15684#13580: no buffer is defined for access_log "C:/Users/USER/Documents/project/web/exp/web_server/logs/worker_stats.log" in C:\Users\USER\Documents\project\web\exp\web_server\config\nginx.conf:89
2026/05/08 11:57:07 [emerg] 16508#16464: no buffer is defined for access_log "C:/Users/USER/Documents/project/web/exp/web_server/logs/worker_stats.log" in C:\Users\USER\Documents\project\web\exp\web_server\config\nginx.conf:89
2026/05/08 11:57:12 [emerg] 15056#18168: no buffer is defined for access_log "C:/Users/USER/Documents/project/web/exp/web_server/logs/worker_stats.log" in C:\Users\USER\Documents\project\web\exp\web_server\config\nginx.conf:89
2026/05/08 11:57:17 [emerg] 16976#18132: no buffer is defined for access_log "C:/Users/USER/Documents/project/web/exp/web_server/logs/worker_stats.log" in C:\Users\USER\Documents\project\web\exp\web_server\config\nginx.conf:89
2026/05/08 11:57:23 [emerg] 14012#6444: no buffer is defined for access_log "C:/Users/USER/Documents/project/web/exp/web_server/logs/worker_stats.log" in C:\Users\USER\Documents\project\web\exp\web_server\config\nginx.conf:89
2026/05/08 12:02:37 [notice] 18280#7208: signal process started
2026/05/08 12:06:57 [notice] 12224#18176: signal process started
2026/05/08 12:53:23 [notice] 18176#9504: signal process started
2026/05/08 12:54:51 [notice] 12532#15148: signal process started
2026/05/08 12:59:13 [notice] 15208#3528: signal process started
2026/05/08 13:00:15 [notice] 14544#15664: signal process started
2026/05/08 13:22:15 [notice] 17232#5548: signal process started
2026/05/08 13:25:27 [notice] 16744#17068: signal process started
2026/05/08 13:30:55 [notice] 17340#17676: signal process started
2026/05/08 13:31:21 [notice] 17828#18308: signal process started
2026/05/08 13:31:24 [notice] 10756#3320: signal process started
2026/05/08 13:31:38 [notice] 2440#17704: signal process started
2026/05/08 14:40:15 [notice] 6288#2472: signal process started
2026/05/08 14:45:08 [notice] 13412#17120: signal process started
2026/05/08 14:48:13 [notice] 18264#17620: signal process started
2026/05/08 14:56:51 [notice] 18424#6384: signal process started
2026/05/08 15:25:06 [notice] 19964#14940: signal process started
2026/05/08 15:28:44 [notice] 19888#8764: signal process started
2026/05/08 15:28:49 [notice] 21192#21124: signal process started
2026/05/08 15:34:19 [notice] 3364#17776: signal process started
2026/05/08 15:41:45 [notice] 18988#20068: signal process started
2026/05/08 15:41:47 [notice] 14928#19268: signal process started
2026/05/08 15:41:48 [notice] 21148#816: signal process started
2026/05/08 15:41:49 [notice] 20624#19284: signal process started
2026/05/08 15:41:49 [notice] 2872#18888: signal process started
2026/05/08 15:41:51 [notice] 17652#3740: signal process started
2026/05/08 15:41:52 [notice] 19300#12504: signal process started
2026/05/08 15:41:53 [notice] 13428#14280: signal process started
2026/05/08 15:41:53 [notice] 21460#9228: signal process started
2026/05/08 15:41:55 [notice] 18720#11504: signal process started
2026/05/08 15:41:56 [notice] 10460#20528: signal process started
2026/05/08 15:41:57 [notice] 17064#14752: signal process started
2026/05/08 15:41:58 [notice] 20040#10160: signal process started
2026/05/08 15:41:59 [notice] 19036#14912: signal process started
2026/05/08 15:42:25 [notice] 10376#19336: signal process started
2026/05/08 15:44:24 [notice] 14188#14768: signal process started
2026/05/08 15:45:15 [notice] 12996#15024: signal process started
2026/05/08 15:54:03 [notice] 15020#14692: signal process started
2026/05/08 16:05:08 [notice] 3136#20580: signal process started
2026/05/08 16:05:39 [notice] 13120#18424: signal process started
2026/05/08 16:11:48 [notice] 18524#17684: signal process started
2026/05/08 16:14:20 [notice] 18940#15744: signal process started
2026/05/08 18:17:08 [emerg] 2600#15544: CreateDirectory() "F:\experimen\web_server\bin\nginx/temp/client_body_temp" failed (3: The system cannot find the path specified)
2026/05/08 18:17:13 [emerg] 14372#17300: CreateDirectory() "F:\experimen\web_server\bin\nginx/temp/client_body_temp" failed (3: The system cannot find the path specified)
2026/05/08 18:17:18 [emerg] 1600#8260: CreateDirectory() "F:\experimen\web_server\bin\nginx/temp/client_body_temp" failed (3: The system cannot find the path specified)
2026/05/08 18:17:23 [emerg] 16480#6540: CreateDirectory() "F:\experimen\web_server\bin\nginx/temp/client_body_temp" failed (3: The system cannot find the path specified)
2026/05/08 18:17:28 [emerg] 7792#1104: CreateDirectory() "F:\experimen\web_server\bin\nginx/temp/client_body_temp" failed (3: The system cannot find the path specified)
2026/05/08 18:17:33 [emerg] 16520#14156: CreateDirectory() "F:\experimen\web_server\bin\nginx/temp/client_body_temp" failed (3: The system cannot find the path specified)
2026/05/08 18:17:38 [emerg] 14384#4188: CreateDirectory() "F:\experimen\web_server\bin\nginx/temp/client_body_temp" failed (3: The system cannot find the path specified)
2026/05/08 18:17:43 [emerg] 10988#16380: CreateDirectory() "F:\experimen\web_server\bin\nginx/temp/client_body_temp" failed (3: The system cannot find the path specified)
2026/05/08 18:17:48 [emerg] 7828#2612: CreateDirectory() "F:\experimen\web_server\bin\nginx/temp/client_body_temp" failed (3: The system cannot find the path specified)
2026/05/08 18:17:53 [emerg] 14092#5208: CreateDirectory() "F:\experimen\web_server\bin\nginx/temp/client_body_temp" failed (3: The system cannot find the path specified)
2026/05/08 18:17:58 [emerg] 16236#11432: CreateDirectory() "F:\experimen\web_server\bin\nginx/temp/client_body_temp" failed (3: The system cannot find the path specified)
2026/05/08 18:18:03 [emerg] 11212#2092: CreateDirectory() "F:\experimen\web_server\bin\nginx/temp/client_body_temp" failed (3: The system cannot find the path specified)
2026/05/08 18:18:06 [emerg] 11500#15880: CreateDirectory() "F:\experimen\web_server\bin\nginx/temp/client_body_temp" failed (3: The system cannot find the path specified)
2026/05/08 18:18:12 [emerg] 17536#7080: CreateDirectory() "F:\experimen\web_server\bin\nginx/temp/client_body_temp" failed (3: The system cannot find the path specified)
2026/05/08 18:18:17 [emerg] 17280#18360: CreateDirectory() "F:\experimen\web_server\bin\nginx/temp/client_body_temp" failed (3: The system cannot find the path specified)
2026/05/08 18:18:22 [emerg] 14380#4820: CreateDirectory() "F:\experimen\web_server\bin\nginx/temp/client_body_temp" failed (3: The system cannot find the path specified)
2026/05/08 18:18:27 [emerg] 17868#3912: CreateDirectory() "F:\experimen\web_server\bin\nginx/temp/client_body_temp" failed (3: The system cannot find the path specified)
2026/05/08 18:18:32 [emerg] 18384#4116: CreateDirectory() "F:\experimen\web_server\bin\nginx/temp/client_body_temp" failed (3: The system cannot find the path specified)
2026/05/08 18:18:37 [emerg] 12368#9896: CreateDirectory() "F:\experimen\web_server\bin\nginx/temp/client_body_temp" failed (3: The system cannot find the path specified)
2026/05/08 18:18:42 [emerg] 16560#17160: CreateDirectory() "F:\experimen\web_server\bin\nginx/temp/client_body_temp" failed (3: The system cannot find the path specified)
2026/05/08 18:18:47 [emerg] 8056#15604: CreateDirectory() "F:\experimen\web_server\bin\nginx/temp/client_body_temp" failed (3: The system cannot find the path specified)
2026/05/08 18:18:52 [emerg] 3948#12992: CreateDirectory() "F:\experimen\web_server\bin\nginx/temp/client_body_temp" failed (3: The system cannot find the path specified)
2026/05/08 18:18:57 [emerg] 9552#6556: CreateDirectory() "F:\experimen\web_server\bin\nginx/temp/client_body_temp" failed (3: The system cannot find the path specified)
2026/05/08 18:19:02 [emerg] 2308#6832: CreateDirectory() "F:\experimen\web_server\bin\nginx/temp/client_body_temp" failed (3: The system cannot find the path specified)
2026/05/08 18:19:07 [emerg] 4012#14508: CreateDirectory() "F:\experimen\web_server\bin\nginx/temp/client_body_temp" failed (3: The system cannot find the path specified)
2026/05/08 18:19:12 [emerg] 10380#16664: CreateDirectory() "F:\experimen\web_server\bin\nginx/temp/client_body_temp" failed (3: The system cannot find the path specified)
2026/05/08 18:19:17 [emerg] 12112#17760: CreateDirectory() "F:\experimen\web_server\bin\nginx/temp/client_body_temp" failed (3: The system cannot find the path specified)
2026/05/08 18:19:22 [emerg] 4664#16356: CreateDirectory() "F:\experimen\web_server\bin\nginx/temp/client_body_temp" failed (3: The system cannot find the path specified)
2026/05/08 18:19:27 [emerg] 14248#11280: CreateDirectory() "F:\experimen\web_server\bin\nginx/temp/client_body_temp" failed (3: The system cannot find the path specified)
2026/05/08 18:19:32 [emerg] 13712#9864: CreateDirectory() "F:\experimen\web_server\bin\nginx/temp/client_body_temp" failed (3: The system cannot find the path specified)
2026/05/08 18:19:37 [emerg] 18128#14508: CreateDirectory() "F:\experimen\web_server\bin\nginx/temp/client_body_temp" failed (3: The system cannot find the path specified)
2026/05/08 18:19:42 [emerg] 13364#16600: CreateDirectory() "F:\experimen\web_server\bin\nginx/temp/client_body_temp" failed (3: The system cannot find the path specified)
2026/05/08 18:19:47 [emerg] 10132#7360: CreateDirectory() "F:\experimen\web_server\bin\nginx/temp/client_body_temp" failed (3: The system cannot find the path specified)
2026/05/08 18:19:52 [emerg] 16060#11500: CreateDirectory() "F:\experimen\web_server\bin\nginx/temp/client_body_temp" failed (3: The system cannot find the path specified)
2026/05/08 18:19:57 [emerg] 8968#8328: CreateDirectory() "F:\experimen\web_server\bin\nginx/temp/client_body_temp" failed (3: The system cannot find the path specified)
2026/05/08 18:20:24 [emerg] 17512#2724: CreateDirectory() "F:\experimen\web_server\bin\nginx/temp/client_body_temp" failed (3: The system cannot find the path specified)
2026/05/08 18:20:29 [emerg] 9664#9168: CreateDirectory() "F:\experimen\web_server\bin\nginx/temp/client_body_temp" failed (3: The system cannot find the path specified)
2026/05/08 18:20:34 [emerg] 15456#15932: CreateDirectory() "F:\experimen\web_server\bin\nginx/temp/client_body_temp" failed (3: The system cannot find the path specified)
2026/05/08 18:20:39 [emerg] 14460#5868: CreateDirectory() "F:\experimen\web_server\bin\nginx/temp/client_body_temp" failed (3: The system cannot find the path specified)
2026/05/08 18:20:44 [emerg] 15300#12176: CreateDirectory() "F:\experimen\web_server\bin\nginx/temp/client_body_temp" failed (3: The system cannot find the path specified)
2026/05/08 18:20:49 [emerg] 10680#16216: CreateDirectory() "F:\experimen\web_server\bin\nginx/temp/client_body_temp" failed (3: The system cannot find the path specified)
2026/05/08 18:20:54 [emerg] 460#776: CreateDirectory() "F:\experimen\web_server\bin\nginx/temp/client_body_temp" failed (3: The system cannot find the path specified)
2026/05/08 18:20:59 [emerg] 17784#6720: CreateDirectory() "F:\experimen\web_server\bin\nginx/temp/client_body_temp" failed (3: The system cannot find the path specified)
2026/05/08 18:21:04 [emerg] 7452#14028: CreateDirectory() "F:\experimen\web_server\bin\nginx/temp/client_body_temp" failed (3: The system cannot find the path specified)
2026/05/08 18:21:09 [emerg] 10856#17120: CreateDirectory() "F:\experimen\web_server\bin\nginx/temp/client_body_temp" failed (3: The system cannot find the path specified)
2026/05/08 18:21:14 [emerg] 9172#14156: CreateDirectory() "F:\experimen\web_server\bin\nginx/temp/client_body_temp" failed (3: The system cannot find the path specified)
2026/05/08 18:21:19 [emerg] 3792#17584: CreateDirectory() "F:\experimen\web_server\bin\nginx/temp/client_body_temp" failed (3: The system cannot find the path specified)
2026/05/08 18:21:24 [emerg] 16244#18080: CreateDirectory() "F:\experimen\web_server\bin\nginx/temp/client_body_temp" failed (3: The system cannot find the path specified)
2026/05/08 18:21:29 [emerg] 17784#12896: CreateDirectory() "F:\experimen\web_server\bin\nginx/temp/client_body_temp" failed (3: The system cannot find the path specified)
2026/05/08 18:21:34 [emerg] 2968#17612: CreateDirectory() "F:\experimen\web_server\bin\nginx/temp/client_body_temp" failed (3: The system cannot find the path specified)
2026/05/08 18:23:27 [notice] 15120#13756: signal process started
2026/05/08 18:25:55 [notice] 17188#6432: signal process started
2026/05/08 18:26:40 [notice] 5184#2624: signal process started
2026/05/08 18:27:55 [notice] 19096#19100: signal process started
2026/05/08 18:31:39 [notice] 17624#5112: signal process started
2026/05/08 18:42:02 [notice] 15344#19316: signal process started
2026/05/08 18:43:11 [notice] 19408#13364: signal process started
2026/05/08 18:47:31 [notice] 19996#19992: signal process started
2026/05/08 18:49:09 [notice] 18692#6552: signal process started
2026/05/08 18:51:32 [notice] 19412#13576: signal process started
2026/05/08 18:55:33 [notice] 19560#19724: signal process started
2026/05/08 19:03:26 [notice] 14056#18836: signal process started
2026/05/08 19:17:37 [notice] 5792#460: signal process started
2026/05/08 19:49:07 [notice] 20164#17972: signal process started
2026/05/08 19:49:31 [notice] 15612#14260: signal process started
2026/05/08 19:52:35 [notice] 20256#18364: signal process started
2026/05/08 19:53:16 [notice] 24264#24276: signal process started
2026/05/08 19:53:54 [notice] 376#14192: signal process started
